<?xml version="1.0" encoding="UTF-8"?>
<!-- Generated by org.testng.reporters.JUnitReportReporter -->
<testsuite hostname="LAPTOP-UN0G5FL5" failures="0" tests="1" name="tests.LoginTest" time="1.615" errors="0" timestamp="2023-11-30T22:52:57 IST" skipped="0">
  <testcase classname="tests.LoginTest" name="test_Login_Page" time="1.615"/>
  <system-out/>
</testsuite> <!-- tests.LoginTest -->
